<?xml version="1.0" encoding="UTF-8"?>
<!-- Generated by org.testng.reporters.JUnitReportReporter -->
<testsuite hostname="kutuli-PC" failures="0" tests="1" name="tests.snapdeal.SearchButtonSnapdeal" time="41.567" errors="0" timestamp="19 Apr 2019 15:53:18 GMT">
  <testcase classname="tests.snapdeal.SearchButtonSnapdeal" name="testSearchButton" time="41.567"/>
</testsuite> <!-- tests.snapdeal.SearchButtonSnapdeal -->
