<?xml version="1.0" encoding="UTF-8"?>
<!-- Generated by org.testng.reporters.JUnitReportReporter -->
<testsuite hostname="kutuli-PC" failures="0" tests="1" name="com.trident.test.HomePage" time="22.052" errors="0" timestamp="17 Apr 2019 16:48:06 GMT">
  <testcase classname="com.trident.test.HomePage" name="basePageNavigation" time="22.052"/>
</testsuite> <!-- com.trident.test.HomePage -->
