<?xml version="1.0" encoding="UTF-8"?>
<!-- Generated by org.testng.reporters.JUnitReportReporter -->
<testsuite hostname="kutuli-PC" failures="0" tests="1" name="tests.ValidateHomePage" time="0.123" errors="0" timestamp="19 Apr 2019 13:53:12 GMT">
  <testcase classname="tests.ValidateHomePage" name="basePageNavigation" time="0.123"/>
</testsuite> <!-- tests.ValidateHomePage -->
