<?xml version="1.0" encoding="UTF-8"?>
<!-- Generated by org.testng.reporters.JUnitReportReporter -->
<testsuite hostname="kutuli-PC" failures="0" tests="1" name="com.flipkart.test.ValidateHomePage" time="0.146" errors="0" timestamp="18 Apr 2019 16:43:00 GMT">
  <testcase classname="com.flipkart.test.ValidateHomePage" name="basePageNavigation" time="0.146"/>
</testsuite> <!-- com.flipkart.test.ValidateHomePage -->
