<?xml version="1.0" encoding="UTF-8"?>
<!-- Generated by org.testng.reporters.JUnitReportReporter -->
<testsuite hostname="kutuli-PC" failures="0" tests="1" name="tests.flipkart.ValidateHomePage" time="0.062" errors="0" timestamp="24 Apr 2019 11:04:46 GMT" skipped="0">
  <testcase classname="tests.flipkart.ValidateHomePage" name="basePageNavigation" time="0.062"/>
</testsuite> <!-- tests.flipkart.ValidateHomePage -->
